Time: 2018-03-15 12:55:09 Name: Mus***************** Status: ELENDI
Time: 2018-03-15 12:55:10 Name: Ber************** Status: ELENDI
Time: 2018-03-15 12:55:11 Name: Meh*********** Status: ELENDI
Time: 2018-03-15 12:55:13 Name: Rüş*********** Status: ELENDI
Time: 2018-03-15 12:55:14 Name: Bar********** Status: ELENDI
Time: 2018-03-15 12:55:15 Name: Sim********** Status: ELENDI
Time: 2018-03-15 12:55:16 Name: Bar********* Status: ELENDI
Time: 2018-03-15 12:55:17 Name: Fat*********** Status: ELENDI
Time: 2018-03-15 12:55:18 Name: Lev********* Status: ELENDI
Time: 2018-03-15 12:55:19 Name: Sav******** Status: ELENDI
Time: 2018-03-15 12:55:20 Name: Hüs************* Status: ELENDI
Time: 2018-03-15 12:55:21 Name: Utk******* Status: ELENDI
Time: 2018-03-15 12:55:22 Name: Nih************ Status: ELENDI
Time: 2018-03-15 12:55:23 Name: Ati********** Status: ELENDI
Time: 2018-03-15 12:55:24 Name: İhs******** Status: ELENDI
Time: 2018-03-15 12:55:25 Name: Esi********** Status: ELENDI
Time: 2018-03-15 12:55:26 Name: Yam************* Status: ELENDI
Time: 2018-03-15 12:55:27 Name: İsh****** Status: ELENDI
Time: 2018-03-15 12:55:28 Name: Rey********** Status: ELENDI
Time: 2018-03-15 12:55:29 Name: Ümi******* Status: ELENDI
Time: 2018-03-15 12:55:30 Name: Bur********* Status: ELENDI
Time: 2018-03-15 12:55:31 Name: Erd********** Status: ELENDI
Time: 2018-03-15 12:55:32 Name: Tan********** Status: ELENDI
Time: 2018-03-15 12:55:33 Name: Ayt*********** Status: ELENDI
Time: 2018-03-15 12:55:34 Name: Hüs*************** Status: ELENDI
Time: 2018-03-15 12:55:35 Name: Mus********** Status: ELENDI
Time: 2018-03-15 12:55:36 Name: Güv******* Status: ELENDI
Time: 2018-03-15 12:55:37 Name: Ser********** Status: ELENDI
Time: 2018-03-15 12:55:38 Name: Ere*********** Status: ELENDI
Time: 2018-03-15 12:55:39 Name: Ata********* Status: ELENDI
Time: 2018-03-15 12:55:40 Name: Kam********** Status: ELENDI
Time: 2018-03-15 12:55:41 Name: Hil******* Status: ELENDI
Time: 2018-03-15 12:55:42 Name: Ber********** Status: ELENDI
Time: 2018-03-15 12:55:43 Name: Ümi******* Status: ELENDI
Time: 2018-03-15 12:55:44 Name: Ayl********* Status: ELENDI
Time: 2018-03-15 12:55:45 Name: Emi************ Status: ELENDI
Time: 2018-03-15 12:55:46 Name: Özg************ Status: ELENDI
Time: 2018-03-15 12:55:47 Name: Gök********** Status: ELENDI
Time: 2018-03-15 12:55:48 Name: Özd********* Status: ELENDI
Time: 2018-03-15 12:55:49 Name: Ayl******** Status: ELENDI
Time: 2018-03-15 12:55:50 Name: Hak******* Status: ELENDI
Time: 2018-03-15 12:55:51 Name: Ruk*********** Status: ELENDI
Time: 2018-03-15 12:55:52 Name: M. ********** Status: ELENDI
Time: 2018-03-15 12:55:53 Name: Meh********* Status: ELENDI
Time: 2018-03-15 12:55:54 Name: Has******** Status: ELENDI
Time: 2018-03-15 12:55:55 Name: Arm********** Status: ELENDI
Time: 2018-03-15 12:55:56 Name: Aki******* Status: ELENDI
Time: 2018-03-15 12:55:57 Name: Has**************** Status: ELENDI
Time: 2018-03-15 12:55:58 Name: Hac******** Status: ELENDI
Time: 2018-03-15 12:55:59 Name: Tol******** Status: Sandisk Cruzer Parmak Okuyucu USB - 1 KAZANDI 
Time: 2018-03-15 12:55:59 Name: Vur********** Status: Sandisk Cruzer Parmak Okuyucu USB - 2 KAZANDI 
Time: 2018-03-15 12:55:59 Name: Naz******* Status: Mediamarkt Hediye Ceki - 1 KAZANDI 
Time: 2018-03-15 12:55:59 Name: Hak******* Status: Mediamarkt Hediye Ceki - 2 KAZANDI 
Time: 2018-03-15 12:55:59 Name: Abd*********** Status: Xiaomi Yi Dome Kamera 360 KAZANDI 
Time: 2018-03-15 12:55:59 Name: Raş********* Status: Amazon Kindel New Touch KAZANDI 
Time: 2018-03-15 12:55:59 Name: Sed******** Status: Digital Bitbox Bitcoin - 1 KAZANDI 
Time: 2018-03-15 12:55:59 Name: Yus*********** Status: Digital Bitbox Bitcoin - 2 KAZANDI 
Time: 2018-03-15 12:55:59 Name: Erd****** Status: Digital Bitbox Bitcoin - 3 KAZANDI 
Time: 2018-03-15 12:55:59 Name: Osm******** Status: WD My Cloud Home 2TB Bulut Depolama KAZANDI 
Time: 2018-03-15 12:55:59 Name: Rey********** Status: Sony Playstation 4 Slim KAZANDI 
Time: 2018-03-15 12:55:59 Name: Emr****** Status: Apple Iphone X KAZANDI 
Time: 2018-03-15 13:01:32 Name: Ümi******* Status: 0.[YEDEK]
Time: 2018-03-15 13:01:32 Name: Erd********** Status: 1.[YEDEK]
Time: 2018-03-15 13:01:33 Name: Hüs*************** Status: 2.[YEDEK]
Time: 2018-03-15 13:01:33 Name: İsh****** Status: 3.[YEDEK]
Time: 2018-03-15 13:01:33 Name: Ayl********* Status: 4.[YEDEK]
Time: 2018-03-15 13:01:33 Name: Rüş*********** Status: 5.[YEDEK]
Time: 2018-03-15 13:01:34 Name: Meh********* Status: 6.[YEDEK]
Time: 2018-03-15 13:01:34 Name: Has**************** Status: 7.[YEDEK]
Time: 2018-03-15 13:01:34 Name: Rey********** Status: 8.[YEDEK]
Time: 2018-03-15 13:01:35 Name: Tan********** Status: 9.[YEDEK]
Time: 2018-03-15 13:01:35 Name: Ser********** Status: 10.[YEDEK]
Time: 2018-03-15 13:01:35 Name: Mus***************** Status: 11.[YEDEK]
Time: 2018-03-15 13:01:36 Name: Bur********* Status: 12.[YEDEK]
Time: 2018-03-15 13:01:36 Name: Bar********* Status: 13.[YEDEK]
